2024-01-31 INFO  C.CoachesApplication:50 - Starting CoachesApplication using Java 19.0.2 with PID 10416 (C:\Users\3301\Desktop\Coaches\build\classes\java\main started by 3301 in C:\Users\3301\Desktop\Coaches)
2024-01-31 INFO  C.CoachesApplication:662 - No active profile set, falling back to 1 default profile: "default"
2024-01-31 INFO  o.s.b.w.e.t.TomcatWebServer:109 - Tomcat initialized with port 8080 (http)
2024-01-31 INFO  o.a.c.c.StandardService:173 - Starting service [Tomcat]
2024-01-31 INFO  o.a.c.c.StandardEngine:173 - Starting Servlet engine: [Apache Tomcat/10.1.17]
2024-01-31 INFO  o.a.c.c.C.[.[.[/]:173 - Initializing Spring embedded WebApplicationContext
2024-01-31 INFO  o.s.b.w.s.c.ServletWebServerApplicationContext:296 - Root WebApplicationContext: initialization completed in 982 ms
2024-01-31 INFO  o.s.b.w.e.t.TomcatWebServer:241 - Tomcat started on port 8080 (http) with context path ''
2024-01-31 INFO  C.CoachesApplication:56 - Started CoachesApplication in 1.805 seconds (process running for 2.062)
2024-01-31 INFO  C.CoachesApplication:50 - Starting CoachesApplication using Java 19.0.2 with PID 16048 (C:\Users\3301\Desktop\Coaches\build\classes\java\main started by 3301 in C:\Users\3301\Desktop\Coaches)
2024-01-31 INFO  C.CoachesApplication:662 - No active profile set, falling back to 1 default profile: "default"
2024-01-31 INFO  o.s.b.w.e.t.TomcatWebServer:109 - Tomcat initialized with port 8080 (http)
2024-01-31 INFO  o.a.c.c.StandardService:173 - Starting service [Tomcat]
2024-01-31 INFO  o.a.c.c.StandardEngine:173 - Starting Servlet engine: [Apache Tomcat/10.1.17]
2024-01-31 INFO  o.a.c.c.C.[.[.[/]:173 - Initializing Spring embedded WebApplicationContext
2024-01-31 INFO  o.s.b.w.s.c.ServletWebServerApplicationContext:296 - Root WebApplicationContext: initialization completed in 953 ms
2024-01-31 INFO  o.s.b.w.e.t.TomcatWebServer:241 - Tomcat started on port 8080 (http) with context path ''
2024-01-31 INFO  C.CoachesApplication:56 - Started CoachesApplication in 1.779 seconds (process running for 2.052)
2024-01-31 INFO  C.CoachesApplication:50 - Starting CoachesApplication using Java 19.0.2 with PID 3300 (C:\Users\3301\Desktop\Coaches\build\classes\java\main started by 3301 in C:\Users\3301\Desktop\Coaches)
2024-01-31 INFO  C.CoachesApplication:662 - No active profile set, falling back to 1 default profile: "default"
2024-01-31 INFO  o.s.b.w.e.t.TomcatWebServer:109 - Tomcat initialized with port 8080 (http)
2024-01-31 INFO  o.a.c.c.StandardService:173 - Starting service [Tomcat]
2024-01-31 INFO  o.a.c.c.StandardEngine:173 - Starting Servlet engine: [Apache Tomcat/10.1.17]
2024-01-31 INFO  o.a.c.c.C.[.[.[/]:173 - Initializing Spring embedded WebApplicationContext
2024-01-31 INFO  o.s.b.w.s.c.ServletWebServerApplicationContext:296 - Root WebApplicationContext: initialization completed in 975 ms
2024-01-31 INFO  o.s.b.w.e.t.TomcatWebServer:241 - Tomcat started on port 8080 (http) with context path ''
2024-01-31 INFO  C.CoachesApplication:56 - Started CoachesApplication in 1.783 seconds (process running for 2.055)
2024-01-31 INFO  C.CoachesApplication:50 - Starting CoachesApplication using Java 19.0.2 with PID 16960 (C:\Users\3301\Desktop\Coaches\build\classes\java\main started by 3301 in C:\Users\3301\Desktop\Coaches)
2024-01-31 INFO  C.CoachesApplication:662 - No active profile set, falling back to 1 default profile: "default"
2024-01-31 INFO  o.s.b.w.e.t.TomcatWebServer:109 - Tomcat initialized with port 8080 (http)
2024-01-31 INFO  o.a.c.c.StandardService:173 - Starting service [Tomcat]
2024-01-31 INFO  o.a.c.c.StandardEngine:173 - Starting Servlet engine: [Apache Tomcat/10.1.17]
2024-01-31 INFO  o.a.c.c.C.[.[.[/]:173 - Initializing Spring embedded WebApplicationContext
2024-01-31 INFO  o.s.b.w.s.c.ServletWebServerApplicationContext:296 - Root WebApplicationContext: initialization completed in 978 ms
2024-01-31 INFO  o.s.b.w.e.t.TomcatWebServer:241 - Tomcat started on port 8080 (http) with context path ''
2024-01-31 INFO  C.CoachesApplication:56 - Started CoachesApplication in 1.786 seconds (process running for 2.074)
2024-01-31 INFO  C.GymRatsApplicationTests:50 - Starting GymRatsApplicationTests using Java 19.0.2 with PID 17152 (started by 3301 in C:\Users\3301\Desktop\Coaches)
2024-01-31 INFO  C.GymRatsApplicationTests:662 - No active profile set, falling back to 1 default profile: "default"
2024-01-31 INFO  C.GymRatsApplicationTests:56 - Started GymRatsApplicationTests in 1.314 seconds (process running for 2.177)
2024-01-31 INFO  C.CoachesApplication:50 - Starting CoachesApplication using Java 19.0.2 with PID 2452 (C:\Users\3301\Desktop\Coaches\build\classes\java\main started by 3301 in C:\Users\3301\Desktop\Coaches)
2024-01-31 INFO  C.CoachesApplication:662 - No active profile set, falling back to 1 default profile: "default"
2024-01-31 INFO  o.s.b.w.e.t.TomcatWebServer:109 - Tomcat initialized with port 8080 (http)
2024-01-31 INFO  o.a.c.c.StandardService:173 - Starting service [Tomcat]
2024-01-31 INFO  o.a.c.c.StandardEngine:173 - Starting Servlet engine: [Apache Tomcat/10.1.17]
2024-01-31 INFO  o.a.c.c.C.[.[.[/]:173 - Initializing Spring embedded WebApplicationContext
2024-01-31 INFO  o.s.b.w.s.c.ServletWebServerApplicationContext:296 - Root WebApplicationContext: initialization completed in 953 ms
2024-01-31 INFO  o.s.b.w.e.t.TomcatWebServer:241 - Tomcat started on port 8080 (http) with context path ''
2024-01-31 INFO  C.CoachesApplication:56 - Started CoachesApplication in 1.83 seconds (process running for 2.081)
